app/build/intermediates/manifest_merge_blame_file/release/processReleaseMainManifest/manifest-merger-blame-release-report.txt
1<?xml version="1.0" encoding="utf-8"?>
2<manifest xmlns:android="http://schemas.android.com/apk/res/android"
3    package="com.example.payc"
4    android:versionCode="1"
5    android:versionName="1.0" >
6
7    <uses-sdk
8        android:minSdkVersion="24"
9        android:targetSdkVersion="34" />
10
11    <uses-permission android:name="android.permission.INTERNET" />
11-->src\main\AndroidManifest.xml:5:5-67
11-->src\main\AndroidManifest.xml:5:22-64
12    <uses-permission android:name="android.permission.READ_EXTERNAL_STORAGE" />
12-->src\main\AndroidManifest.xml:6:5-80
12-->src\main\AndroidManifest.xml:6:22-77
13    <uses-permission android:name="android.permission.READ_MEDIA_IMAGES" />
13-->src\main\AndroidManifest.xml:7:5-76
13-->src\main\AndroidManifest.xml:7:22-73
14
15    <queries>
15-->[com.razorpay:checkout:1.6.33] AndroidManifest.xml:10:5-39:15
16        <intent>
16-->[com.razorpay:checkout:1.6.33] AndroidManifest.xml:11:9-17:18
17            <action android:name="android.intent.action.VIEW" />
17-->[com.razorpay:checkout:1.6.33] AndroidManifest.xml:12:13-65
17-->[com.razorpay:checkout:1.6.33] AndroidManifest.xml:12:21-62
18
19            <data
19-->[com.razorpay:checkout:1.6.33] AndroidManifest.xml:14:13-16:38
20                android:mimeType="*/*"
20-->[com.razorpay:checkout:1.6.33] AndroidManifest.xml:15:17-39
21                android:scheme="*" />
21-->[com.razorpay:checkout:1.6.33] AndroidManifest.xml:16:17-35
22        </intent>
23        <intent>
23-->[com.razorpay:checkout:1.6.33] AndroidManifest.xml:18:9-27:18
24            <action android:name="android.intent.action.VIEW" />
24-->[com.razorpay:checkout:1.6.33] AndroidManifest.xml:12:13-65
24-->[com.razorpay:checkout:1.6.33] AndroidManifest.xml:12:21-62
25
26            <category android:name="android.intent.category.BROWSABLE" />
26-->[com.razorpay:checkout:1.6.33] AndroidManifest.xml:21:13-74
26-->[com.razorpay:checkout:1.6.33] AndroidManifest.xml:21:23-71
27
28            <data
28-->[com.razorpay:checkout:1.6.33] AndroidManifest.xml:14:13-16:38
29                android:host="pay"
30                android:mimeType="*/*"
30-->[com.razorpay:checkout:1.6.33] AndroidManifest.xml:15:17-39
31                android:scheme="upi" />
31-->[com.razorpay:checkout:1.6.33] AndroidManifest.xml:16:17-35
32        </intent>
33        <intent>
33-->[com.razorpay:checkout:1.6.33] AndroidManifest.xml:28:9-30:18
34            <action android:name="android.intent.action.MAIN" />
34-->src\main\AndroidManifest.xml:27:17-69
34-->src\main\AndroidManifest.xml:27:25-66
35        </intent>
36        <intent>
36-->[com.razorpay:checkout:1.6.33] AndroidManifest.xml:31:9-35:18
37            <action android:name="android.intent.action.SEND" />
37-->[com.razorpay:checkout:1.6.33] AndroidManifest.xml:32:13-65
37-->[com.razorpay:checkout:1.6.33] AndroidManifest.xml:32:21-62
38
39            <data android:mimeType="*/*" />
39-->[com.razorpay:checkout:1.6.33] AndroidManifest.xml:14:13-16:38
39-->[com.razorpay:checkout:1.6.33] AndroidManifest.xml:15:17-39
40        </intent>
41        <intent>
41-->[com.razorpay:checkout:1.6.33] AndroidManifest.xml:36:9-38:18
42            <action android:name="rzp.device_token.share" />
42-->[com.razorpay:checkout:1.6.33] AndroidManifest.xml:37:13-61
42-->[com.razorpay:checkout:1.6.33] AndroidManifest.xml:37:21-58
43        </intent>
44    </queries> <!-- Include required permissions for Google Maps API to run. -->
45    <uses-permission android:name="android.permission.ACCESS_NETWORK_STATE" />
45-->[com.google.android.gms:play-services-maps:17.0.0] AndroidManifest.xml:23:5-79
45-->[com.google.android.gms:play-services-maps:17.0.0] AndroidManifest.xml:23:22-76
46
47    <uses-feature
47-->[com.google.android.gms:play-services-maps:17.0.0] AndroidManifest.xml:26:5-28:35
48        android:glEsVersion="0x00020000"
48-->[com.google.android.gms:play-services-maps:17.0.0] AndroidManifest.xml:27:9-41
49        android:required="true" />
49-->[com.google.android.gms:play-services-maps:17.0.0] AndroidManifest.xml:28:9-32
50
51    <permission
51-->[androidx.core:core:1.13.1] AndroidManifest.xml:22:5-24:47
52        android:name="com.example.payc.DYNAMIC_RECEIVER_NOT_EXPORTED_PERMISSION"
52-->[androidx.core:core:1.13.1] AndroidManifest.xml:23:9-81
53        android:protectionLevel="signature" />
53-->[androidx.core:core:1.13.1] AndroidManifest.xml:24:9-44
54
55    <uses-permission android:name="com.example.payc.DYNAMIC_RECEIVER_NOT_EXPORTED_PERMISSION" />
55-->[androidx.core:core:1.13.1] AndroidManifest.xml:26:5-97
55-->[androidx.core:core:1.13.1] AndroidManifest.xml:26:22-94
56
57    <application
57-->src\main\AndroidManifest.xml:9:5-31:19
58        android:allowBackup="false"
58-->src\main\AndroidManifest.xml:10:9-36
59        android:appComponentFactory="androidx.core.app.CoreComponentFactory"
59-->[androidx.core:core:1.13.1] AndroidManifest.xml:28:18-86
60        android:extractNativeLibs="false"
61        android:hardwareAccelerated="true"
61-->src\main\AndroidManifest.xml:18:9-43
62        android:icon="@drawable/app_logo"
62-->src\main\AndroidManifest.xml:11:9-42
63        android:label="@string/app_name"
63-->src\main\AndroidManifest.xml:12:9-41
64        android:largeHeap="false"
64-->src\main\AndroidManifest.xml:19:9-34
65        android:networkSecurityConfig="@xml/network_security_config"
65-->src\main\AndroidManifest.xml:16:9-69
66        android:roundIcon="@drawable/app_logo"
66-->src\main\AndroidManifest.xml:13:9-47
67        android:supportsRtl="true"
67-->src\main\AndroidManifest.xml:14:9-35
68        android:theme="@android:style/Theme.Material.Light.NoActionBar"
68-->src\main\AndroidManifest.xml:15:9-72
69        android:usesCleartextTraffic="false" >
69-->src\main\AndroidManifest.xml:17:9-45
70        <activity
70-->src\main\AndroidManifest.xml:21:9-30:20
71            android:name="com.example.payc.MainActivity"
71-->src\main\AndroidManifest.xml:22:13-41
72            android:exported="true"
72-->src\main\AndroidManifest.xml:23:13-36
73            android:label="@string/app_name"
73-->src\main\AndroidManifest.xml:24:13-45
74            android:theme="@android:style/Theme.Material.Light.NoActionBar" >
74-->src\main\AndroidManifest.xml:25:13-76
75            <intent-filter>
75-->src\main\AndroidManifest.xml:26:13-29:29
76                <action android:name="android.intent.action.MAIN" />
76-->src\main\AndroidManifest.xml:27:17-69
76-->src\main\AndroidManifest.xml:27:25-66
77
78                <category android:name="android.intent.category.LAUNCHER" />
78-->src\main\AndroidManifest.xml:28:17-77
78-->src\main\AndroidManifest.xml:28:27-74
79            </intent-filter>
80        </activity>
81
82        <receiver
82-->[com.razorpay:checkout:1.6.33] AndroidManifest.xml:42:9-49:20
83            android:name="com.razorpay.RzpTokenReceiver"
83-->[com.razorpay:checkout:1.6.33] AndroidManifest.xml:43:13-57
84            android:exported="true" >
84-->[com.razorpay:checkout:1.6.33] AndroidManifest.xml:44:13-36
85            <intent-filter>
85-->[com.razorpay:checkout:1.6.33] AndroidManifest.xml:46:13-48:29
86                <action android:name="rzp.device_token.share" />
86-->[com.razorpay:checkout:1.6.33] AndroidManifest.xml:37:13-61
86-->[com.razorpay:checkout:1.6.33] AndroidManifest.xml:37:21-58
87            </intent-filter>
88        </receiver>
89
90        <activity
90-->[com.razorpay:checkout:1.6.33] AndroidManifest.xml:51:9-59:20
91            android:name="com.razorpay.CheckoutActivity"
91-->[com.razorpay:checkout:1.6.33] AndroidManifest.xml:52:13-57
92            android:configChanges="keyboard|keyboardHidden|orientation|screenSize"
92-->[com.razorpay:checkout:1.6.33] AndroidManifest.xml:53:13-83
93            android:exported="true"
93-->[com.razorpay:checkout:1.6.33] AndroidManifest.xml:54:13-36
94            android:theme="@style/CheckoutTheme" >
94-->[com.razorpay:checkout:1.6.33] AndroidManifest.xml:55:13-49
95            <intent-filter>
95-->[com.razorpay:checkout:1.6.33] AndroidManifest.xml:56:13-58:29
96                <action android:name="android.intent.action.MAIN" />
96-->src\main\AndroidManifest.xml:27:17-69
96-->src\main\AndroidManifest.xml:27:25-66
97            </intent-filter>
98        </activity>
99
100        <meta-data
100-->[com.razorpay:checkout:1.6.33] AndroidManifest.xml:61:9-63:58
101            android:name="com.razorpay.plugin.googlepay_all"
101-->[com.razorpay:checkout:1.6.33] AndroidManifest.xml:62:13-61
102            android:value="com.razorpay.RzpGpayMerged" />
102-->[com.razorpay:checkout:1.6.33] AndroidManifest.xml:63:13-55
103
104        <activity
104-->[com.google.android.gms:play-services-auth:17.0.0] AndroidManifest.xml:23:9-27:75
105            android:name="com.google.android.gms.auth.api.signin.internal.SignInHubActivity"
105-->[com.google.android.gms:play-services-auth:17.0.0] AndroidManifest.xml:24:13-93
106            android:excludeFromRecents="true"
106-->[com.google.android.gms:play-services-auth:17.0.0] AndroidManifest.xml:25:13-46
107            android:exported="false"
107-->[com.google.android.gms:play-services-auth:17.0.0] AndroidManifest.xml:26:13-37
108            android:theme="@android:style/Theme.Translucent.NoTitleBar" />
108-->[com.google.android.gms:play-services-auth:17.0.0] AndroidManifest.xml:27:13-72
109        <!--
110            Service handling Google Sign-In user revocation. For apps that do not integrate with
111            Google Sign-In, this service will never be started.
112        -->
113        <service
113-->[com.google.android.gms:play-services-auth:17.0.0] AndroidManifest.xml:33:9-36:110
114            android:name="com.google.android.gms.auth.api.signin.RevocationBoundService"
114-->[com.google.android.gms:play-services-auth:17.0.0] AndroidManifest.xml:34:13-89
115            android:exported="true"
115-->[com.google.android.gms:play-services-auth:17.0.0] AndroidManifest.xml:35:13-36
116            android:permission="com.google.android.gms.auth.api.signin.permission.REVOCATION_NOTIFICATION" /> <!-- Needs to be explicitly declared on P+ -->
116-->[com.google.android.gms:play-services-auth:17.0.0] AndroidManifest.xml:36:13-107
117        <uses-library
117-->[com.google.android.gms:play-services-maps:17.0.0] AndroidManifest.xml:33:9-35:40
118            android:name="org.apache.http.legacy"
118-->[com.google.android.gms:play-services-maps:17.0.0] AndroidManifest.xml:34:13-50
119            android:required="false" />
119-->[com.google.android.gms:play-services-maps:17.0.0] AndroidManifest.xml:35:13-37
120
121        <activity
121-->[com.google.android.gms:play-services-base:17.5.0] AndroidManifest.xml:23:9-26:75
122            android:name="com.google.android.gms.common.api.GoogleApiActivity"
122-->[com.google.android.gms:play-services-base:17.5.0] AndroidManifest.xml:24:13-79
123            android:exported="false"
123-->[com.google.android.gms:play-services-base:17.5.0] AndroidManifest.xml:25:13-37
124            android:theme="@android:style/Theme.Translucent.NoTitleBar" />
124-->[com.google.android.gms:play-services-base:17.5.0] AndroidManifest.xml:26:13-72
125
126        <meta-data
126-->[com.google.android.gms:play-services-basement:17.6.0] AndroidManifest.xml:23:9-25:69
127            android:name="com.google.android.gms.version"
127-->[com.google.android.gms:play-services-basement:17.6.0] AndroidManifest.xml:24:13-58
128            android:value="@integer/google_play_services_version" />
128-->[com.google.android.gms:play-services-basement:17.6.0] AndroidManifest.xml:25:13-66
129
130        <provider
130-->[androidx.emoji2:emoji2:1.3.0] AndroidManifest.xml:24:9-32:20
131            android:name="androidx.startup.InitializationProvider"
131-->[androidx.emoji2:emoji2:1.3.0] AndroidManifest.xml:25:13-67
132            android:authorities="com.example.payc.androidx-startup"
132-->[androidx.emoji2:emoji2:1.3.0] AndroidManifest.xml:26:13-68
133            android:exported="false" >
133-->[androidx.emoji2:emoji2:1.3.0] AndroidManifest.xml:27:13-37
134            <meta-data
134-->[androidx.emoji2:emoji2:1.3.0] AndroidManifest.xml:29:13-31:52
135                android:name="androidx.emoji2.text.EmojiCompatInitializer"
135-->[androidx.emoji2:emoji2:1.3.0] AndroidManifest.xml:30:17-75
136                android:value="androidx.startup" />
136-->[androidx.emoji2:emoji2:1.3.0] AndroidManifest.xml:31:17-49
137            <meta-data
137-->[androidx.lifecycle:lifecycle-process:2.8.0] AndroidManifest.xml:29:13-31:52
138                android:name="androidx.lifecycle.ProcessLifecycleInitializer"
138-->[androidx.lifecycle:lifecycle-process:2.8.0] AndroidManifest.xml:30:17-78
139                android:value="androidx.startup" />
139-->[androidx.lifecycle:lifecycle-process:2.8.0] AndroidManifest.xml:31:17-49
140            <meta-data
140-->[androidx.profileinstaller:profileinstaller:1.3.1] AndroidManifest.xml:29:13-31:52
141                android:name="androidx.profileinstaller.ProfileInstallerInitializer"
141-->[androidx.profileinstaller:profileinstaller:1.3.1] AndroidManifest.xml:30:17-85
142                android:value="androidx.startup" />
142-->[androidx.profileinstaller:profileinstaller:1.3.1] AndroidManifest.xml:31:17-49
143        </provider>
144
145        <receiver
145-->[androidx.profileinstaller:profileinstaller:1.3.1] AndroidManifest.xml:34:9-52:20
146            android:name="androidx.profileinstaller.ProfileInstallReceiver"
146-->[androidx.profileinstaller:profileinstaller:1.3.1] AndroidManifest.xml:35:13-76
147            android:directBootAware="false"
147-->[androidx.profileinstaller:profileinstaller:1.3.1] AndroidManifest.xml:36:13-44
148            android:enabled="true"
148-->[androidx.profileinstaller:profileinstaller:1.3.1] AndroidManifest.xml:37:13-35
149            android:exported="true"
149-->[androidx.profileinstaller:profileinstaller:1.3.1] AndroidManifest.xml:38:13-36
150            android:permission="android.permission.DUMP" >
150-->[androidx.profileinstaller:profileinstaller:1.3.1] AndroidManifest.xml:39:13-57
151            <intent-filter>
151-->[androidx.profileinstaller:profileinstaller:1.3.1] AndroidManifest.xml:40:13-42:29
152                <action android:name="androidx.profileinstaller.action.INSTALL_PROFILE" />
152-->[androidx.profileinstaller:profileinstaller:1.3.1] AndroidManifest.xml:41:17-91
152-->[androidx.profileinstaller:profileinstaller:1.3.1] AndroidManifest.xml:41:25-88
153            </intent-filter>
154            <intent-filter>
154-->[androidx.profileinstaller:profileinstaller:1.3.1] AndroidManifest.xml:43:13-45:29
155                <action android:name="androidx.profileinstaller.action.SKIP_FILE" />
155-->[androidx.profileinstaller:profileinstaller:1.3.1] AndroidManifest.xml:44:17-85
155-->[androidx.profileinstaller:profileinstaller:1.3.1] AndroidManifest.xml:44:25-82
156            </intent-filter>
157            <intent-filter>
157-->[androidx.profileinstaller:profileinstaller:1.3.1] AndroidManifest.xml:46:13-48:29
158                <action android:name="androidx.profileinstaller.action.SAVE_PROFILE" />
158-->[androidx.profileinstaller:profileinstaller:1.3.1] AndroidManifest.xml:47:17-88
158-->[androidx.profileinstaller:profileinstaller:1.3.1] AndroidManifest.xml:47:25-85
159            </intent-filter>
160            <intent-filter>
160-->[androidx.profileinstaller:profileinstaller:1.3.1] AndroidManifest.xml:49:13-51:29
161                <action android:name="androidx.profileinstaller.action.BENCHMARK_OPERATION" />
161-->[androidx.profileinstaller:profileinstaller:1.3.1] AndroidManifest.xml:50:17-95
161-->[androidx.profileinstaller:profileinstaller:1.3.1] AndroidManifest.xml:50:25-92
162            </intent-filter>
163        </receiver>
164    </application>
165
166</manifest>